<?xml version="1.0" encoding="UTF-8"?>
<!-- Generated by org.testng.reporters.JUnitReportReporter -->
<testsuite hostname="DESKTOP-M021GP2" failures="0" tests="1" name="crossbrowsertesting.CrossBrowser" time="4.340" errors="0" timestamp="2022-01-19T19:41:00 EST" skipped="0">
  <testcase classname="crossbrowsertesting.CrossBrowser" name="test" time="4.340"/>
  <system-out/>
</testsuite> <!-- crossbrowsertesting.CrossBrowser -->
