<?xml version="1.0" encoding="UTF-8"?>
<!-- Generated by org.testng.reporters.JUnitReportReporter -->
<testsuite hostname="DESKTOP-M021GP2" failures="0" tests="2" name="testwithpom.POM_Demo1" time="10.535" errors="0" timestamp="2022-01-11T19:49:59 EST" skipped="0">
  <testcase classname="testwithpom.POM_Demo1" name="testPOM2" time="5.692"/>
  <system-out/>
  <testcase classname="testwithpom.POM_Demo1" name="testPOM1" time="4.843"/>
  <system-out/>
</testsuite> <!-- testwithpom.POM_Demo1 -->
