<?xml version="1.0" encoding="UTF-8"?>
<!-- Generated by org.testng.reporters.JUnitReportReporter -->
<testsuite hostname="DESKTOP-M021GP2" failures="0" tests="1" name="testwithpom.CheapOAirDemo" time="11.681" errors="0" timestamp="2022-01-11T21:04:07 EST" skipped="0">
  <testcase classname="testwithpom.CheapOAirDemo" name="testDrpDown" time="11.681"/>
  <system-out/>
</testsuite> <!-- testwithpom.CheapOAirDemo -->
