<?xml version="1.0" encoding="UTF-8"?>
<!-- Generated by org.testng.reporters.JUnitReportReporter -->
<testsuite hostname="DESKTOP-M021GP2" failures="0" tests="3" name="test1.DemoTest" time="0.004" errors="0" timestamp="2022-01-06T20:40:47 EST" skipped="0">
  <testcase classname="test1.DemoTest" name="testC" time="0.000"/>
  <system-out/>
  <testcase classname="test1.DemoTest" name="testB" time="0.000"/>
  <system-out/>
  <testcase classname="test1.DemoTest" name="testA" time="0.004"/>
  <system-out/>
</testsuite> <!-- test1.DemoTest -->
