<?xml version="1.0" encoding="UTF-8"?>
<!-- Generated by org.testng.reporters.JUnitReportReporter -->
<testsuite hostname="DESKTOP-M021GP2" failures="0" tests="3" name="test2.Demo2Test" time="0.003" errors="0" timestamp="2022-01-06T20:41:32 EST" skipped="0">
  <testcase classname="test2.Demo2Test" name="testX" time="0.003"/>
  <system-out/>
  <testcase classname="test2.Demo2Test" name="testZ" time="0.000"/>
  <system-out/>
  <testcase classname="test2.Demo2Test" name="testY" time="0.000"/>
  <system-out/>
</testsuite> <!-- test2.Demo2Test -->
