<?xml version="1.0" encoding="UTF-8"?>
<!-- Generated by org.testng.reporters.JUnitReportReporter -->
<testsuite hostname="DESKTOP-M021GP2" failures="0" tests="3" name="test3.Demo3Test" time="0.000" errors="0" timestamp="2022-01-06T20:41:32 EST" skipped="0">
  <testcase classname="test3.Demo3Test" name="testF" time="0.000"/>
  <system-out/>
  <testcase classname="test3.Demo3Test" name="testH" time="0.000"/>
  <system-out/>
  <testcase classname="test3.Demo3Test" name="testG" time="0.000"/>
  <system-out/>
</testsuite> <!-- test3.Demo3Test -->
